<?xml version="1.0" encoding="UTF-8"?>
<testsuite name="worker.ProtocolTest" tests="5" skipped="0" failures="0" errors="0" timestamp="2026-08-11T23:52:08.184Z" hostname="localhost" time="0.035">
  <properties/>
  <testcase name="rejectsUnsupportedVersion()" classname="worker.ProtocolTest" time="0.008"/>
  <testcase name="rejectsUnsupportedLanguage()" classname="worker.ProtocolTest" time="0.005"/>
  <testcase name="rejectsMissingWorkspace()" classname="worker.ProtocolTest" time="0.003"/>
  <testcase name="rejectsBlankSymbol()" classname="worker.ProtocolTest" time="0.001"/>
  <testcase name="rejectsInvalidMode()" classname="worker.ProtocolTest" time="0.004"/>
  <system-out><![CDATA[]]></system-out>
  <system-err><![CDATA[]]></system-err>
</testsuite>
